<?xml version="1.0" encoding="UTF-8"?>
<!-- Generated by org.testng.reporters.JUnitReportReporter -->
<testsuite hostname="LAPTOP-O3J57D1G" failures="0" tests="3" name="testPack.TestClass" time="0.010" errors="0" timestamp="06 Sep 2022 06:34:28 GMT" skipped="0">
  <testcase classname="testPack.TestClass" name="testB" time="0.007"/>
  <testcase classname="testPack.TestClass" name="testC" time="0.001"/>
  <testcase classname="testPack.TestClass" name="testA" time="0.002"/>
</testsuite> <!-- testPack.TestClass -->
