<?xml version="1.0" encoding="UTF-8"?>
<!-- Generated by org.testng.reporters.JUnitReportReporter -->
<testsuite hostname="LAPTOP-O3J57D1G" failures="0" tests="3" name="testPack.TestClassA" time="0.015" errors="0" timestamp="12 Sep 2022 08:24:42 GMT" skipped="0">
  <testcase classname="testPack.TestClassA" name="testA" time="0.011"/>
  <testcase classname="testPack.TestClassA" name="testC" time="0.001"/>
  <testcase classname="testPack.TestClassA" name="testB" time="0.003"/>
</testsuite> <!-- testPack.TestClassA -->
